2025-08-05 11:07:30,237 - main - INFO - Health check passed in 4.84ms
2025-08-05 11:12:01,754 - main - INFO - Using database: sqlite:///app.db
2025-08-05 11:12:51,389 - main - INFO - Using database: sqlite:///app.db
2025-08-05 11:15:08,472 - main - INFO - Using database: sqlite:///app.db
2025-08-05 11:17:54,605 - main - INFO - Using database: sqlite:///app.db
2025-08-05 11:43:43,832 - main - INFO - Using database: postgresql://user:***@localhost:5432/mydb
2025-08-05 11:43:56,407 - main - INFO - Using database: postgresql://user:***@localhost:5432/mydb
2025-08-05 11:52:17,971 - main - INFO - Using database: postgresql://user:***@localhost:5432/mydb
2025-08-05 11:52:18,069 - main - INFO - Starting web server on port 8080
2025-08-05 11:52:18,069 - main - INFO - Starting web server on port 8080
2025-08-05 11:52:56,739 - main - ERROR - Health check FAILED in 4.35ms. Errors: {'database': {'status': 'error', 'message': 'Database timeout: (psycopg2.OperationalError) connection to server at "localhost" (127.0.0.1), port 5432 failed: Connection refused\n\tIs the server running on that host and accepting TCP/IP connections?\n\n(Background on this error at: https://sqlalche.me/e/20/e3q8)'}}
2025-08-05 11:52:56,739 - main - ERROR - Health check FAILED in 4.35ms. Errors: {'database': {'status': 'error', 'message': 'Database timeout: (psycopg2.OperationalError) connection to server at "localhost" (127.0.0.1), port 5432 failed: Connection refused\n\tIs the server running on that host and accepting TCP/IP connections?\n\n(Background on this error at: https://sqlalche.me/e/20/e3q8)'}}
2025-08-06 00:07:09,343 - main - INFO - Using database: postgresql://user:***@localhost:5432/mydb
2025-08-06 00:08:45,446 - main - INFO - Using database: sqlite:///app.db
2025-08-06 02:31:01,106 - main - INFO - Using database: sqlite:///app.db
2025-08-06 02:31:03,180 - ai_processing - ERROR - Database health check failed: db
2025-08-06 02:31:03,529 - main - ERROR - Health check FAILED in 349.03ms. Errors: {'database': {'status': 'error', 'message': 'Database error: db'}}
2025-08-06 02:31:03,529 - main - ERROR - Health check FAILED in 349.03ms. Errors: {'database': {'status': 'error', 'message': 'Database error: db'}}
2025-08-06 02:32:45,989 - main - INFO - Using database: sqlite:///app.db
2025-08-06 02:32:48,068 - ai_processing - ERROR - Database health check failed: db
2025-08-06 02:32:48,404 - main - ERROR - Health check FAILED in 335.74ms. Errors: {'database': {'status': 'error', 'message': 'Database error: db'}}
2025-08-06 02:32:48,404 - main - ERROR - Health check FAILED in 335.74ms. Errors: {'database': {'status': 'error', 'message': 'Database error: db'}}
2025-08-06 03:29:36,208 - main - INFO - Using database: postgresql://user:password@localhost:5432/mydb
2025-08-06 03:30:58,876 - main - ERROR - Health check FAILED in 486.9ms. Errors: {'database': {'status': 'error', 'message': 'Database timeout: (psycopg2.OperationalError) connection to server at "localhost" (127.0.0.1), port 5432 failed: Connection refused\n\tIs the server running on that host and accepting TCP/IP connections?\n\n(Background on this error at: https://sqlalche.me/e/20/e3q8)'}}
2025-08-06 03:30:58,876 - main - ERROR - Health check FAILED in 486.9ms. Errors: {'database': {'status': 'error', 'message': 'Database timeout: (psycopg2.OperationalError) connection to server at "localhost" (127.0.0.1), port 5432 failed: Connection refused\n\tIs the server running on that host and accepting TCP/IP connections?\n\n(Background on this error at: https://sqlalche.me/e/20/e3q8)'}}
2025-08-06 03:33:01,840 - main - INFO - Using database: sqlite:///app.db
2025-08-06 03:34:17,283 - main - INFO - Using database: sqlite:///app.db
2025-08-06 03:34:38,195 - main - ERROR - Health check FAILED in 351.93ms. Errors: {'database': {'status': 'error', 'message': 'Database timeout: (psycopg2.OperationalError) connection to server at "localhost" (127.0.0.1), port 5432 failed: Connection refused\n\tIs the server running on that host and accepting TCP/IP connections?\n\n(Background on this error at: https://sqlalche.me/e/20/e3q8)'}}
2025-08-06 03:34:38,195 - main - ERROR - Health check FAILED in 351.93ms. Errors: {'database': {'status': 'error', 'message': 'Database timeout: (psycopg2.OperationalError) connection to server at "localhost" (127.0.0.1), port 5432 failed: Connection refused\n\tIs the server running on that host and accepting TCP/IP connections?\n\n(Background on this error at: https://sqlalche.me/e/20/e3q8)'}}
2025-08-06 03:35:54,931 - main - INFO - Using database: sqlite:///app.db
2025-08-06 03:37:08,330 - main - INFO - Health check passed in 438.05ms
2025-08-06 03:37:08,330 - main - INFO - Health check passed in 438.05ms
2025-08-07 04:06:15,515 - main - INFO - Using database: sqlite:///app.db
2025-08-07 04:14:23,646 - main - INFO - Using database: sqlite:///app.db
2025-08-07 04:16:36,319 - main - INFO - Using database: sqlite:///app.db
2025-08-07 10:41:39,179 - main - INFO - Using database: postgresql://appuser:password@localhost:5432/mydb
2025-08-07 11:24:00,326 - main - INFO - Using database: postgresql://appuser:password@localhost:5432/mydb
2025-08-07 11:24:48,762 - main - INFO - Using database: postgresql://appuser:password@localhost:5432/mydb
2025-08-07 11:25:04,373 - main - INFO - Using database: postgresql://appuser:password@localhost:5432/mydb
2025-08-09 22:31:09,961 - main - INFO - Using database: postgresql://appuser:password@localhost:5432/mydb
2025-08-10 00:25:40,436 - main - INFO - Using database: postgresql://appuser:password@localhost:5432/mydb
2025-08-10 01:59:50,784 - main - INFO - Using database: postgresql://appuser:password@localhost:5432/mydb
2025-08-11 00:26:40,916 - main - INFO - Using database: postgresql://appuser:password@localhost:5432/mydb
2025-08-11 00:28:29,186 - main - INFO - Using database: postgresql://appuser:password@localhost:5432/mydb
2025-08-11 00:28:45,839 - main - INFO - Using database: postgresql://appuser:password@localhost:5432/mydb
2025-08-11 00:29:31,840 - main - INFO - Using database: sqlite:///app.db
2025-08-11 00:29:38,805 - main - INFO - Using database: sqlite:///app.db
2025-08-11 00:31:21,728 - main - INFO - Using database: sqlite:///app.db
2025-08-11 00:31:51,041 - main - INFO - Using database: sqlite:///app.db
2025-08-11 00:31:52,019 - main - INFO - Using database: sqlite:///app.db
2025-08-11 00:31:52,298 - werkzeug - WARNING -  * Debugger is active!
2025-08-11 00:32:59,804 - ai_processing - ERROR - Database health check failed: 'NullPool' object has no attribute 'size'
2025-08-11 00:33:02,755 - main - ERROR - Health check FAILED in 2969.44ms. Errors: {'database': {'status': 'error', 'message': "Database error: 'NullPool' object has no attribute 'size'"}, 'disk': {'status': 'error', 'message': 'Disk check failed: argument 1 (impossible<bad format char>)'}, 'ssl': {'status': 'error', 'message': 'SSL certificate check failed for smartdisputecanada.me: [SSL: SSLV3_ALERT_HANDSHAKE_FAILURE] sslv3 alert handshake failure (_ssl.c:1035)'}}
2025-08-11 00:33:02,755 - main - ERROR - Health check FAILED in 2969.44ms. Errors: {'database': {'status': 'error', 'message': "Database error: 'NullPool' object has no attribute 'size'"}, 'disk': {'status': 'error', 'message': 'Disk check failed: argument 1 (impossible<bad format char>)'}, 'ssl': {'status': 'error', 'message': 'SSL certificate check failed for smartdisputecanada.me: [SSL: SSLV3_ALERT_HANDSHAKE_FAILURE] sslv3 alert handshake failure (_ssl.c:1035)'}}
2025-08-11 00:33:06,853 - utils.error_handling - ERROR - Application Error: {'timestamp': '2025-08-11T04:33:06.850137', 'error_type': 'TemplateNotFound', 'error_message': 'auth/register.html', 'traceback': 'Traceback (most recent call last):\n  File "C:\\Users\\Easyhome\\AppData\\Local\\Packages\\PythonSoftwareFoundation.Python.3.13_qbz5n2kfra8p0\\LocalCache\\local-packages\\Python313\\site-packages\\flask\\app.py", line 1484, in full_dispatch_request\n    rv = self.dispatch_request()\n  File "C:\\Users\\Easyhome\\AppData\\Local\\Packages\\PythonSoftwareFoundation.Python.3.13_qbz5n2kfra8p0\\LocalCache\\local-packages\\Python313\\site-packages\\flask\\app.py", line 1469, in dispatch_request\n    return self.ensure_sync(self.view_functions[rule.endpoint])(**view_args)\n           ~~~~~~~~~~~~~~~~~~~~~~~~~~~~~~~~~~~~~~~~~~~~~~~~~~~~^^^^^^^^^^^^^\n  File "c:\\Users\\Easyhome\\Smart-Dispute-Flask-App\\routes\\auth_routes.py", line 80, in register\n    return render_template(\'auth/register.html\')\n  File "C:\\Users\\Easyhome\\AppData\\Local\\Packages\\PythonSoftwareFoundation.Python.3.13_qbz5n2kfra8p0\\LocalCache\\local-packages\\Python313\\site-packages\\flask\\templating.py", line 150, in render_template\n    template = app.jinja_env.get_or_select_template(template_name_or_list)\n  File "C:\\Users\\Easyhome\\AppData\\Local\\Packages\\PythonSoftwareFoundation.Python.3.13_qbz5n2kfra8p0\\LocalCache\\local-packages\\Python313\\site-packages\\jinja2\\environment.py", line 1087, in get_or_select_template\n    return self.get_template(template_name_or_list, parent, globals)\n           ~~~~~~~~~~~~~~~~~^^^^^^^^^^^^^^^^^^^^^^^^^^^^^^^^^^^^^^^^\n  File "C:\\Users\\Easyhome\\AppData\\Local\\Packages\\PythonSoftwareFoundation.Python.3.13_qbz5n2kfra8p0\\LocalCache\\local-packages\\Python313\\site-packages\\jinja2\\environment.py", line 1016, in get_template\n    return self._load_template(name, globals)\n           ~~~~~~~~~~~~~~~~~~~^^^^^^^^^^^^^^^\n  File "C:\\Users\\Easyhome\\AppData\\Local\\Packages\\PythonSoftwareFoundation.Python.3.13_qbz5n2kfra8p0\\LocalCache\\local-packages\\Python313\\site-packages\\jinja2\\environment.py", line 975, in _load_template\n    template = self.loader.load(self, name, self.make_globals(globals))\n  File "C:\\Users\\Easyhome\\AppData\\Local\\Packages\\PythonSoftwareFoundation.Python.3.13_qbz5n2kfra8p0\\LocalCache\\local-packages\\Python313\\site-packages\\jinja2\\loaders.py", line 126, in load\n    source, filename, uptodate = self.get_source(environment, name)\n                                 ~~~~~~~~~~~~~~~^^^^^^^^^^^^^^^^^^^\n  File "C:\\Users\\Easyhome\\AppData\\Local\\Packages\\PythonSoftwareFoundation.Python.3.13_qbz5n2kfra8p0\\LocalCache\\local-packages\\Python313\\site-packages\\flask\\templating.py", line 64, in get_source\n    return self._get_source_fast(environment, template)\n           ~~~~~~~~~~~~~~~~~~~~~^^^^^^^^^^^^^^^^^^^^^^^\n  File "C:\\Users\\Easyhome\\AppData\\Local\\Packages\\PythonSoftwareFoundation.Python.3.13_qbz5n2kfra8p0\\LocalCache\\local-packages\\Python313\\site-packages\\flask\\templating.py", line 98, in _get_source_fast\n    raise TemplateNotFound(template)\njinja2.exceptions.TemplateNotFound: auth/register.html\n', 'context': {'unhandled_exception': True}, 'user_id': None, 'request_path': '/register', 'request_method': 'GET', 'user_agent': 'python-requests/2.31.0'}
2025-08-11 00:34:49,238 - main - INFO - Using database: sqlite:///app.db
2025-08-11 00:34:49,413 - werkzeug - WARNING -  * Debugger is active!
2025-08-11 00:35:01,814 - ai_processing - ERROR - Database health check failed: 'NullPool' object has no attribute 'size'
2025-08-11 00:35:03,791 - main - ERROR - Health check FAILED in 1991.99ms. Errors: {'database': {'status': 'error', 'message': "Database error: 'NullPool' object has no attribute 'size'"}, 'disk': {'status': 'error', 'message': 'Disk check failed: argument 1 (impossible<bad format char>)'}, 'ssl': {'status': 'error', 'message': 'SSL certificate check failed for smartdisputecanada.me: [SSL: SSLV3_ALERT_HANDSHAKE_FAILURE] sslv3 alert handshake failure (_ssl.c:1035)'}}
2025-08-11 13:53:00,976 - main - INFO - Using database: postgresql://smartdispute_user:smartdispute_password@db:5432/smartdispute_db
2025-08-11 13:53:02,419 - main - INFO - Using database: postgresql://smartdispute_user:smartdispute_password@db:5432/smartdispute_db
2025-08-11 13:53:03,737 - main - INFO - Using database: postgresql://smartdispute_user:smartdispute_password@db:5432/smartdispute_db
2025-08-11 13:53:05,273 - main - INFO - Using database: postgresql://smartdispute_user:smartdispute_password@db:5432/smartdispute_db
2025-08-11 13:53:07,155 - main - INFO - Using database: postgresql://smartdispute_user:smartdispute_password@db:5432/smartdispute_db
2025-08-11 13:53:09,812 - main - INFO - Using database: postgresql://smartdispute_user:smartdispute_password@db:5432/smartdispute_db
2025-08-11 13:53:14,076 - main - INFO - Using database: postgresql://smartdispute_user:smartdispute_password@db:5432/smartdispute_db
2025-08-11 13:53:21,522 - main - INFO - Using database: postgresql://smartdispute_user:smartdispute_password@db:5432/smartdispute_db
2025-08-11 13:53:35,321 - main - INFO - Using database: postgresql://smartdispute_user:smartdispute_password@db:5432/smartdispute_db
2025-08-11 13:54:01,855 - main - INFO - Using database: postgresql://smartdispute_user:smartdispute_password@db:5432/smartdispute_db
2025-08-11 13:54:54,087 - main - INFO - Using database: postgresql://smartdispute_user:smartdispute_password@db:5432/smartdispute_db
2025-08-11 13:55:55,165 - main - INFO - Using database: postgresql://smartdispute_user:smartdispute_password@db:5432/smartdispute_db
2025-08-11 13:56:56,139 - main - INFO - Using database: postgresql://smartdispute_user:smartdispute_password@db:5432/smartdispute_db
2025-08-11 13:57:57,214 - main - INFO - Using database: postgresql://smartdispute_user:smartdispute_password@db:5432/smartdispute_db
2025-08-11 13:58:58,333 - main - INFO - Using database: postgresql://smartdispute_user:smartdispute_password@db:5432/smartdispute_db
2025-08-11 13:59:59,688 - main - INFO - Using database: postgresql://smartdispute_user:smartdispute_password@db:5432/smartdispute_db
2025-08-11 14:01:00,846 - main - INFO - Using database: postgresql://smartdispute_user:smartdispute_password@db:5432/smartdispute_db
2025-08-11 14:02:01,954 - main - INFO - Using database: postgresql://smartdispute_user:smartdispute_password@db:5432/smartdispute_db
2025-08-11 14:03:03,586 - main - INFO - Using database: postgresql://smartdispute_user:smartdispute_password@db:5432/smartdispute_db
2025-08-11 14:04:04,613 - main - INFO - Using database: postgresql://smartdispute_user:smartdispute_password@db:5432/smartdispute_db
2025-08-11 14:05:05,629 - main - INFO - Using database: postgresql://smartdispute_user:smartdispute_password@db:5432/smartdispute_db
2025-08-11 14:06:06,731 - main - INFO - Using database: postgresql://smartdispute_user:smartdispute_password@db:5432/smartdispute_db
2025-08-11 14:07:07,756 - main - INFO - Using database: postgresql://smartdispute_user:smartdispute_password@db:5432/smartdispute_db
2025-08-11 14:08:08,715 - main - INFO - Using database: postgresql://smartdispute_user:smartdispute_password@db:5432/smartdispute_db
2025-08-11 14:09:09,736 - main - INFO - Using database: postgresql://smartdispute_user:smartdispute_password@db:5432/smartdispute_db
2025-08-11 14:10:10,711 - main - INFO - Using database: postgresql://smartdispute_user:smartdispute_password@db:5432/smartdispute_db
2025-08-11 14:11:11,677 - main - INFO - Using database: postgresql://smartdispute_user:smartdispute_password@db:5432/smartdispute_db
2025-08-11 14:12:12,789 - main - INFO - Using database: postgresql://smartdispute_user:smartdispute_password@db:5432/smartdispute_db
2025-08-11 14:13:13,953 - main - INFO - Using database: postgresql://smartdispute_user:smartdispute_password@db:5432/smartdispute_db
2025-08-11 14:14:15,278 - main - INFO - Using database: postgresql://smartdispute_user:smartdispute_password@db:5432/smartdispute_db
2025-08-11 14:15:16,310 - main - INFO - Using database: postgresql://smartdispute_user:smartdispute_password@db:5432/smartdispute_db
2025-08-11 14:16:17,330 - main - INFO - Using database: postgresql://smartdispute_user:smartdispute_password@db:5432/smartdispute_db
2025-08-11 15:27:59,323 - main - INFO - Using database: postgresql://smartdispute_user:smartdispute_password@db:5432/smartdispute_db
2025-08-11 15:28:59,947 - main - INFO - Using database: postgresql://smartdispute_user:smartdispute_password@db:5432/smartdispute_db
2025-08-11 15:30:00,893 - main - INFO - Using database: postgresql://smartdispute_user:smartdispute_password@db:5432/smartdispute_db
2025-08-11 15:31:01,924 - main - INFO - Using database: postgresql://smartdispute_user:smartdispute_password@db:5432/smartdispute_db
2025-08-11 15:32:03,072 - main - INFO - Using database: postgresql://smartdispute_user:smartdispute_password@db:5432/smartdispute_db
2025-08-11 15:33:04,144 - main - INFO - Using database: postgresql://smartdispute_user:smartdispute_password@db:5432/smartdispute_db
2025-08-11 15:34:05,070 - main - INFO - Using database: postgresql://smartdispute_user:smartdispute_password@db:5432/smartdispute_db
2025-08-11 15:35:06,069 - main - INFO - Using database: postgresql://smartdispute_user:smartdispute_password@db:5432/smartdispute_db
2025-08-11 15:36:07,059 - main - INFO - Using database: postgresql://smartdispute_user:smartdispute_password@db:5432/smartdispute_db
2025-08-11 15:37:08,099 - main - INFO - Using database: postgresql://smartdispute_user:smartdispute_password@db:5432/smartdispute_db
2025-08-11 15:38:09,237 - main - INFO - Using database: postgresql://smartdispute_user:smartdispute_password@db:5432/smartdispute_db
2025-08-11 15:39:10,307 - main - INFO - Using database: postgresql://smartdispute_user:smartdispute_password@db:5432/smartdispute_db
2025-08-11 15:40:11,360 - main - INFO - Using database: postgresql://smartdispute_user:smartdispute_password@db:5432/smartdispute_db
2025-08-11 15:41:12,331 - main - INFO - Using database: postgresql://smartdispute_user:smartdispute_password@db:5432/smartdispute_db
2025-08-11 15:42:13,313 - main - INFO - Using database: postgresql://smartdispute_user:smartdispute_password@db:5432/smartdispute_db
2025-08-11 15:43:14,438 - main - INFO - Using database: postgresql://smartdispute_user:smartdispute_password@db:5432/smartdispute_db
2025-08-11 15:44:02,794 - main - INFO - Using database: postgresql://smartdispute_user:smartdispute_password@db:5432/smartdispute_db
2025-08-11 15:44:04,293 - main - INFO - Using database: postgresql://smartdispute_user:smartdispute_password@db:5432/smartdispute_db
2025-08-11 15:44:05,783 - main - INFO - Using database: postgresql://smartdispute_user:smartdispute_password@db:5432/smartdispute_db
2025-08-11 15:44:07,368 - main - INFO - Using database: postgresql://smartdispute_user:smartdispute_password@db:5432/smartdispute_db
2025-08-11 15:44:09,350 - main - INFO - Using database: postgresql://smartdispute_user:smartdispute_password@db:5432/smartdispute_db
2025-08-11 15:44:11,915 - main - INFO - Using database: postgresql://smartdispute_user:smartdispute_password@db:5432/smartdispute_db
2025-08-11 15:44:16,157 - main - INFO - Using database: postgresql://smartdispute_user:smartdispute_password@db:5432/smartdispute_db
2025-08-11 15:44:23,616 - main - INFO - Using database: postgresql://smartdispute_user:smartdispute_password@db:5432/smartdispute_db
2025-08-11 15:44:37,503 - main - INFO - Using database: postgresql://smartdispute_user:smartdispute_password@db:5432/smartdispute_db
2025-08-11 15:45:04,180 - main - INFO - Using database: postgresql://smartdispute_user:smartdispute_password@db:5432/smartdispute_db
2025-08-11 15:45:57,166 - main - INFO - Using database: postgresql://smartdispute_user:smartdispute_password@db:5432/smartdispute_db
2025-08-11 15:46:58,194 - main - INFO - Using database: postgresql://smartdispute_user:smartdispute_password@db:5432/smartdispute_db
2025-08-11 15:47:59,273 - main - INFO - Using database: postgresql://smartdispute_user:smartdispute_password@db:5432/smartdispute_db
2025-08-11 15:49:00,266 - main - INFO - Using database: postgresql://smartdispute_user:smartdispute_password@db:5432/smartdispute_db
2025-08-11 15:50:01,360 - main - INFO - Using database: postgresql://smartdispute_user:smartdispute_password@db:5432/smartdispute_db
2025-08-11 15:51:02,375 - main - INFO - Using database: postgresql://smartdispute_user:smartdispute_password@db:5432/smartdispute_db
2025-08-11 15:52:03,518 - main - INFO - Using database: postgresql://smartdispute_user:smartdispute_password@db:5432/smartdispute_db
2025-08-11 15:53:04,566 - main - INFO - Using database: postgresql://smartdispute_user:smartdispute_password@db:5432/smartdispute_db
2025-08-11 16:42:29,066 - main - INFO - Using database: postgresql://smartdispute_user:smartdispute_password@db:5432/smartdispute_db
2025-08-11 16:43:29,649 - main - INFO - Using database: postgresql://smartdispute_user:smartdispute_password@db:5432/smartdispute_db
2025-08-11 16:44:30,758 - main - INFO - Using database: postgresql://smartdispute_user:smartdispute_password@db:5432/smartdispute_db
2025-08-11 16:45:31,867 - main - INFO - Using database: postgresql://smartdispute_user:smartdispute_password@db:5432/smartdispute_db
2025-08-11 16:46:33,032 - main - INFO - Using database: postgresql://smartdispute_user:smartdispute_password@db:5432/smartdispute_db
2025-08-11 16:47:34,160 - main - INFO - Using database: postgresql://smartdispute_user:smartdispute_password@db:5432/smartdispute_db
2025-08-11 16:48:35,399 - main - INFO - Using database: postgresql://smartdispute_user:smartdispute_password@db:5432/smartdispute_db
2025-08-11 16:49:36,581 - main - INFO - Using database: postgresql://smartdispute_user:smartdispute_password@db:5432/smartdispute_db
2025-08-11 16:50:37,712 - main - INFO - Using database: postgresql://smartdispute_user:smartdispute_password@db:5432/smartdispute_db
2025-08-11 16:51:38,877 - main - INFO - Using database: postgresql://smartdispute_user:smartdispute_password@db:5432/smartdispute_db
2025-08-11 16:52:39,985 - main - INFO - Using database: postgresql://smartdispute_user:smartdispute_password@db:5432/smartdispute_db
2025-08-11 16:53:41,355 - main - INFO - Using database: postgresql://smartdispute_user:smartdispute_password@db:5432/smartdispute_db
2025-08-11 16:54:42,661 - main - INFO - Using database: postgresql://smartdispute_user:smartdispute_password@db:5432/smartdispute_db
2025-08-11 16:55:43,721 - main - INFO - Using database: postgresql://smartdispute_user:smartdispute_password@db:5432/smartdispute_db
2025-08-11 16:56:44,993 - main - INFO - Using database: postgresql://smartdispute_user:smartdispute_password@db:5432/smartdispute_db
2025-08-11 16:57:46,092 - main - INFO - Using database: postgresql://smartdispute_user:smartdispute_password@db:5432/smartdispute_db
2025-08-11 16:58:47,253 - main - INFO - Using database: postgresql://smartdispute_user:smartdispute_password@db:5432/smartdispute_db
2025-08-11 16:59:48,294 - main - INFO - Using database: postgresql://smartdispute_user:smartdispute_password@db:5432/smartdispute_db
2025-08-11 17:00:49,412 - main - INFO - Using database: postgresql://smartdispute_user:smartdispute_password@db:5432/smartdispute_db
2025-08-11 17:01:50,457 - main - INFO - Using database: postgresql://smartdispute_user:smartdispute_password@db:5432/smartdispute_db
2025-08-11 17:02:51,481 - main - INFO - Using database: postgresql://smartdispute_user:smartdispute_password@db:5432/smartdispute_db
2025-08-11 17:03:52,570 - main - INFO - Using database: postgresql://smartdispute_user:smartdispute_password@db:5432/smartdispute_db
2025-08-11 17:04:53,585 - main - INFO - Using database: postgresql://smartdispute_user:smartdispute_password@db:5432/smartdispute_db
2025-08-11 17:05:54,725 - main - INFO - Using database: postgresql://smartdispute_user:smartdispute_password@db:5432/smartdispute_db
2025-08-11 17:06:55,834 - main - INFO - Using database: postgresql://smartdispute_user:smartdispute_password@db:5432/smartdispute_db
2025-08-11 17:07:56,817 - main - INFO - Using database: postgresql://smartdispute_user:smartdispute_password@db:5432/smartdispute_db
2025-08-11 17:08:57,871 - main - INFO - Using database: postgresql://smartdispute_user:smartdispute_password@db:5432/smartdispute_db
2025-08-11 17:09:58,992 - main - INFO - Using database: postgresql://smartdispute_user:smartdispute_password@db:5432/smartdispute_db
2025-08-11 17:11:00,067 - main - INFO - Using database: postgresql://smartdispute_user:smartdispute_password@db:5432/smartdispute_db
2025-08-11 19:12:36,244 - main - INFO - Using database: postgresql://smartdispute_user:smartdispute_password@db:5432/smartdispute_db
2025-08-11 19:13:36,892 - main - INFO - Using database: postgresql://smartdispute_user:smartdispute_password@db:5432/smartdispute_db
2025-08-11 19:14:37,867 - main - INFO - Using database: postgresql://smartdispute_user:smartdispute_password@db:5432/smartdispute_db
2025-08-11 19:15:38,900 - main - INFO - Using database: postgresql://smartdispute_user:smartdispute_password@db:5432/smartdispute_db
2025-08-11 19:16:38,731 - main - INFO - Using database: postgresql://smartdispute_user:smartdispute_password@db:5432/smartdispute_db
2025-08-11 19:16:40,626 - main - INFO - Using database: postgresql://smartdispute_user:smartdispute_password@db:5432/smartdispute_db
2025-08-11 19:16:42,239 - main - INFO - Using database: postgresql://smartdispute_user:smartdispute_password@db:5432/smartdispute_db
2025-08-11 19:16:44,145 - main - INFO - Using database: postgresql://smartdispute_user:smartdispute_password@db:5432/smartdispute_db
2025-08-11 19:16:46,288 - main - INFO - Using database: postgresql://smartdispute_user:smartdispute_password@db:5432/smartdispute_db
2025-08-11 19:16:49,280 - main - INFO - Using database: postgresql://smartdispute_user:smartdispute_password@db:5432/smartdispute_db
2025-08-11 19:16:53,839 - main - INFO - Using database: postgresql://smartdispute_user:smartdispute_password@db:5432/smartdispute_db
2025-08-11 19:17:01,629 - main - INFO - Using database: postgresql://smartdispute_user:smartdispute_password@db:5432/smartdispute_db
2025-08-11 19:17:15,739 - main - INFO - Using database: postgresql://smartdispute_user:smartdispute_password@db:5432/smartdispute_db
2025-08-11 19:17:42,805 - main - INFO - Using database: postgresql://smartdispute_user:smartdispute_password@db:5432/smartdispute_db
2025-08-11 19:18:35,383 - main - INFO - Using database: postgresql://smartdispute_user:smartdispute_password@db:5432/smartdispute_db
2025-08-11 19:19:37,099 - main - INFO - Using database: postgresql://smartdispute_user:smartdispute_password@db:5432/smartdispute_db
2025-08-11 19:20:38,631 - main - INFO - Using database: postgresql://smartdispute_user:smartdispute_password@db:5432/smartdispute_db
2025-08-11 19:21:40,037 - main - INFO - Using database: postgresql://smartdispute_user:smartdispute_password@db:5432/smartdispute_db
2025-08-11 19:22:41,372 - main - INFO - Using database: postgresql://smartdispute_user:smartdispute_password@db:5432/smartdispute_db
2025-08-11 19:23:42,888 - main - INFO - Using database: postgresql://smartdispute_user:smartdispute_password@db:5432/smartdispute_db
2025-08-11 19:24:44,393 - main - INFO - Using database: postgresql://smartdispute_user:smartdispute_password@db:5432/smartdispute_db
2025-08-11 19:25:45,894 - main - INFO - Using database: postgresql://smartdispute_user:smartdispute_password@db:5432/smartdispute_db
2025-08-11 19:26:47,368 - main - INFO - Using database: postgresql://smartdispute_user:smartdispute_password@db:5432/smartdispute_db
2025-08-11 19:27:48,983 - main - INFO - Using database: postgresql://smartdispute_user:smartdispute_password@db:5432/smartdispute_db
2025-08-11 19:28:50,487 - main - INFO - Using database: postgresql://smartdispute_user:smartdispute_password@db:5432/smartdispute_db
2025-08-11 19:29:51,924 - main - INFO - Using database: postgresql://smartdispute_user:smartdispute_password@db:5432/smartdispute_db
2025-08-11 19:30:53,520 - main - INFO - Using database: postgresql://smartdispute_user:smartdispute_password@db:5432/smartdispute_db
2025-08-11 19:31:55,295 - main - INFO - Using database: postgresql://smartdispute_user:smartdispute_password@db:5432/smartdispute_db
2025-08-11 19:32:56,892 - main - INFO - Using database: postgresql://smartdispute_user:smartdispute_password@db:5432/smartdispute_db
2025-08-11 19:33:58,342 - main - INFO - Using database: postgresql://smartdispute_user:smartdispute_password@db:5432/smartdispute_db
2025-08-11 19:34:59,812 - main - INFO - Using database: postgresql://smartdispute_user:smartdispute_password@db:5432/smartdispute_db
2025-08-11 19:36:01,248 - main - INFO - Using database: postgresql://smartdispute_user:smartdispute_password@db:5432/smartdispute_db
2025-08-11 19:37:02,621 - main - INFO - Using database: postgresql://smartdispute_user:smartdispute_password@db:5432/smartdispute_db
2025-08-11 19:38:04,133 - main - INFO - Using database: postgresql://smartdispute_user:smartdispute_password@db:5432/smartdispute_db
2025-08-11 19:39:05,841 - main - INFO - Using database: postgresql://smartdispute_user:smartdispute_password@db:5432/smartdispute_db
2025-08-11 19:40:07,577 - main - INFO - Using database: postgresql://smartdispute_user:smartdispute_password@db:5432/smartdispute_db
2025-08-11 19:41:09,125 - main - INFO - Using database: postgresql://smartdispute_user:smartdispute_password@db:5432/smartdispute_db
2025-08-11 19:42:10,575 - main - INFO - Using database: postgresql://smartdispute_user:smartdispute_password@db:5432/smartdispute_db
2025-08-11 19:43:12,087 - main - INFO - Using database: postgresql://smartdispute_user:smartdispute_password@db:5432/smartdispute_db
2025-08-11 19:44:13,587 - main - INFO - Using database: postgresql://smartdispute_user:smartdispute_password@db:5432/smartdispute_db
2025-08-11 19:45:15,052 - main - INFO - Using database: postgresql://smartdispute_user:smartdispute_password@db:5432/smartdispute_db
2025-08-11 19:46:16,798 - main - INFO - Using database: postgresql://smartdispute_user:smartdispute_password@db:5432/smartdispute_db
2025-08-11 19:47:18,426 - main - INFO - Using database: postgresql://smartdispute_user:smartdispute_password@db:5432/smartdispute_db
2025-08-11 19:48:20,366 - main - INFO - Using database: postgresql://smartdispute_user:smartdispute_password@db:5432/smartdispute_db
2025-08-11 19:49:21,940 - main - INFO - Using database: postgresql://smartdispute_user:smartdispute_password@db:5432/smartdispute_db
2025-08-11 19:50:23,444 - main - INFO - Using database: postgresql://smartdispute_user:smartdispute_password@db:5432/smartdispute_db
2025-08-11 19:51:24,507 - main - INFO - Using database: postgresql://smartdispute_user:smartdispute_password@db:5432/smartdispute_db
2025-08-11 15:51:53,066 - main - INFO - Using database: sqlite:///app.db
2025-08-11 19:52:25,393 - main - INFO - Using database: postgresql://smartdispute_user:smartdispute_password@db:5432/smartdispute_db
2025-08-11 19:53:26,228 - main - INFO - Using database: postgresql://smartdispute_user:smartdispute_password@db:5432/smartdispute_db
2025-08-11 19:54:27,040 - main - INFO - Using database: postgresql://smartdispute_user:smartdispute_password@db:5432/smartdispute_db
2025-08-11 19:55:28,328 - main - INFO - Using database: postgresql://smartdispute_user:smartdispute_password@db:5432/smartdispute_db
2025-08-11 19:56:29,608 - main - INFO - Using database: postgresql://smartdispute_user:smartdispute_password@db:5432/smartdispute_db
2025-08-11 19:57:30,849 - main - INFO - Using database: postgresql://smartdispute_user:smartdispute_password@db:5432/smartdispute_db
2025-08-11 19:58:31,657 - main - INFO - Using database: postgresql://smartdispute_user:smartdispute_password@db:5432/smartdispute_db
2025-08-11 15:58:59,034 - main - INFO - Using database: sqlite:///app.db
2025-08-11 19:59:32,453 - main - INFO - Using database: postgresql://smartdispute_user:smartdispute_password@db:5432/smartdispute_db
2025-08-11 20:00:33,274 - main - INFO - Using database: postgresql://smartdispute_user:smartdispute_password@db:5432/smartdispute_db
2025-08-11 20:01:34,070 - main - INFO - Using database: postgresql://smartdispute_user:smartdispute_password@db:5432/smartdispute_db
2025-08-11 20:02:34,942 - main - INFO - Using database: postgresql://smartdispute_user:smartdispute_password@db:5432/smartdispute_db
2025-08-11 20:03:35,953 - main - INFO - Using database: postgresql://smartdispute_user:smartdispute_password@db:5432/smartdispute_db
2025-08-11 16:03:38,514 - main - INFO - Using database: sqlite:///app.db
2025-08-11 20:04:36,904 - main - INFO - Using database: postgresql://smartdispute_user:smartdispute_password@db:5432/smartdispute_db
2025-08-11 20:05:38,094 - main - INFO - Using database: postgresql://smartdispute_user:smartdispute_password@db:5432/smartdispute_db
2025-08-11 20:06:39,304 - main - INFO - Using database: postgresql://smartdispute_user:smartdispute_password@db:5432/smartdispute_db
